Start testing: Jul 03 17:53 AEST
----------------------------------------------------------
1/6 Testing: copyright
1/6 Test: copyright
Command: "/usr/bin/python3" "-u" "/opt/ros/galactic/share/ament_cmake_test/cmake/run_test.py" "/home/yiming/training/train/ros_rv/build/my_package/test_results/my_package/copyright.xunit.xml" "--package-name" "my_package" "--output-file" "/home/yiming/training/train/ros_rv/build/my_package/ament_copyright/copyright.txt" "--command" "/opt/ros/galactic/bin/ament_copyright" "--xunit-file" "/home/yiming/training/train/ros_rv/build/my_package/test_results/my_package/copyright.xunit.xml"
Directory: /home/yiming/training/train/ros_rv/src/my_package
"copyright" start time: Jul 03 17:53 AEST
Output:
----------------------------------------------------------
-- run_test.py: invoking following command in '/home/yiming/training/train/ros_rv/src/my_package':
 - /opt/ros/galactic/bin/ament_copyright --xunit-file /home/yiming/training/train/ros_rv/build/my_package/test_results/my_package/copyright.xunit.xml
/opt/ros/galactic/bin/ament_copyright:6: DeprecationWarning: pkg_resources is deprecated as an API. See https://setuptools.pypa.io/en/latest/pkg_resources.html
  from pkg_resources import load_entry_point
src/my_node.cpp: could not find copyright notice
1 errors, checked 1 files
-- run_test.py: return code 1
-- run_test.py: verify result file '/home/yiming/training/train/ros_rv/build/my_package/test_results/my_package/copyright.xunit.xml'
<end of output>
Test time =   0.41 sec
----------------------------------------------------------
Test Failed.
"copyright" end time: Jul 03 17:53 AEST
"copyright" time elapsed: 00:00:00
----------------------------------------------------------

2/6 Testing: cppcheck
2/6 Test: cppcheck
Command: "/usr/bin/python3" "-u" "/opt/ros/galactic/share/ament_cmake_test/cmake/run_test.py" "/home/yiming/training/train/ros_rv/build/my_package/test_results/my_package/cppcheck.xunit.xml" "--package-name" "my_package" "--output-file" "/home/yiming/training/train/ros_rv/build/my_package/ament_cppcheck/cppcheck.txt" "--command" "/opt/ros/galactic/bin/ament_cppcheck" "--xunit-file" "/home/yiming/training/train/ros_rv/build/my_package/test_results/my_package/cppcheck.xunit.xml" "--include_dirs" "/home/yiming/training/train/ros_rv/src/my_package/include"
Directory: /home/yiming/training/train/ros_rv/src/my_package
"cppcheck" start time: Jul 03 17:53 AEST
Output:
----------------------------------------------------------
-- run_test.py: invoking following command in '/home/yiming/training/train/ros_rv/src/my_package':
 - /opt/ros/galactic/bin/ament_cppcheck --xunit-file /home/yiming/training/train/ros_rv/build/my_package/test_results/my_package/cppcheck.xunit.xml --include_dirs /home/yiming/training/train/ros_rv/src/my_package/include
/opt/ros/galactic/bin/ament_cppcheck:6: DeprecationWarning: pkg_resources is deprecated as an API. See https://setuptools.pypa.io/en/latest/pkg_resources.html
  from pkg_resources import load_entry_point
No problems found
-- run_test.py: return code 0
-- run_test.py: verify result file '/home/yiming/training/train/ros_rv/build/my_package/test_results/my_package/cppcheck.xunit.xml'
<end of output>
Test time =   0.36 sec
----------------------------------------------------------
Test Passed.
"cppcheck" end time: Jul 03 17:53 AEST
"cppcheck" time elapsed: 00:00:00
----------------------------------------------------------

3/6 Testing: cpplint
3/6 Test: cpplint
Command: "/usr/bin/python3" "-u" "/opt/ros/galactic/share/ament_cmake_test/cmake/run_test.py" "/home/yiming/training/train/ros_rv/build/my_package/test_results/my_package/cpplint.xunit.xml" "--package-name" "my_package" "--output-file" "/home/yiming/training/train/ros_rv/build/my_package/ament_cpplint/cpplint.txt" "--command" "/opt/ros/galactic/bin/ament_cpplint" "--xunit-file" "/home/yiming/training/train/ros_rv/build/my_package/test_results/my_package/cpplint.xunit.xml"
Directory: /home/yiming/training/train/ros_rv/src/my_package
"cpplint" start time: Jul 03 17:53 AEST
Output:
----------------------------------------------------------
-- run_test.py: invoking following command in '/home/yiming/training/train/ros_rv/src/my_package':
 - /opt/ros/galactic/bin/ament_cpplint --xunit-file /home/yiming/training/train/ros_rv/build/my_package/test_results/my_package/cpplint.xunit.xml
/opt/ros/galactic/bin/ament_cpplint:6: DeprecationWarning: pkg_resources is deprecated as an API. See https://setuptools.pypa.io/en/latest/pkg_resources.html
  from pkg_resources import load_entry_point
/home/yiming/training/train/ros_rv/src/my_package/src/my_node.cpp:0:  No copyright message found.  You should have a line: "Copyright [year] <Copyright Owner>"  [legal/copyright] [5]
Category 'legal/copyright' errors found: 1
Total errors found: 1
Using '--root=/home/yiming/training/train/ros_rv/src/my_package/src' argument

Done processing /home/yiming/training/train/ros_rv/src/my_package/src/my_node.cpp

-- run_test.py: return code 1
-- run_test.py: verify result file '/home/yiming/training/train/ros_rv/build/my_package/test_results/my_package/cpplint.xunit.xml'
<end of output>
Test time =   0.30 sec
----------------------------------------------------------
Test Failed.
"cpplint" end time: Jul 03 17:53 AEST
"cpplint" time elapsed: 00:00:00
----------------------------------------------------------

4/6 Testing: lint_cmake
4/6 Test: lint_cmake
Command: "/usr/bin/python3" "-u" "/opt/ros/galactic/share/ament_cmake_test/cmake/run_test.py" "/home/yiming/training/train/ros_rv/build/my_package/test_results/my_package/lint_cmake.xunit.xml" "--package-name" "my_package" "--output-file" "/home/yiming/training/train/ros_rv/build/my_package/ament_lint_cmake/lint_cmake.txt" "--command" "/opt/ros/galactic/bin/ament_lint_cmake" "--xunit-file" "/home/yiming/training/train/ros_rv/build/my_package/test_results/my_package/lint_cmake.xunit.xml"
Directory: /home/yiming/training/train/ros_rv/src/my_package
"lint_cmake" start time: Jul 03 17:53 AEST
Output:
----------------------------------------------------------
-- run_test.py: invoking following command in '/home/yiming/training/train/ros_rv/src/my_package':
 - /opt/ros/galactic/bin/ament_lint_cmake --xunit-file /home/yiming/training/train/ros_rv/build/my_package/test_results/my_package/lint_cmake.xunit.xml
/opt/ros/galactic/bin/ament_lint_cmake:6: DeprecationWarning: pkg_resources is deprecated as an API. See https://setuptools.pypa.io/en/latest/pkg_resources.html
  from pkg_resources import load_entry_point

No problems found
-- run_test.py: return code 0
-- run_test.py: verify result file '/home/yiming/training/train/ros_rv/build/my_package/test_results/my_package/lint_cmake.xunit.xml'
<end of output>
Test time =   0.26 sec
----------------------------------------------------------
Test Passed.
"lint_cmake" end time: Jul 03 17:53 AEST
"lint_cmake" time elapsed: 00:00:00
----------------------------------------------------------

5/6 Testing: uncrustify
5/6 Test: uncrustify
Command: "/usr/bin/python3" "-u" "/opt/ros/galactic/share/ament_cmake_test/cmake/run_test.py" "/home/yiming/training/train/ros_rv/build/my_package/test_results/my_package/uncrustify.xunit.xml" "--package-name" "my_package" "--output-file" "/home/yiming/training/train/ros_rv/build/my_package/ament_uncrustify/uncrustify.txt" "--command" "/opt/ros/galactic/bin/ament_uncrustify" "--xunit-file" "/home/yiming/training/train/ros_rv/build/my_package/test_results/my_package/uncrustify.xunit.xml"
Directory: /home/yiming/training/train/ros_rv/src/my_package
"uncrustify" start time: Jul 03 17:53 AEST
Output:
----------------------------------------------------------
-- run_test.py: invoking following command in '/home/yiming/training/train/ros_rv/src/my_package':
 - /opt/ros/galactic/bin/ament_uncrustify --xunit-file /home/yiming/training/train/ros_rv/build/my_package/test_results/my_package/uncrustify.xunit.xml
/opt/ros/galactic/bin/ament_uncrustify:6: DeprecationWarning: pkg_resources is deprecated as an API. See https://setuptools.pypa.io/en/latest/pkg_resources.html
  from pkg_resources import load_entry_point
No code style divergence in file 'src/my_node.cpp'

No problems found
-- run_test.py: return code 0
-- run_test.py: verify result file '/home/yiming/training/train/ros_rv/build/my_package/test_results/my_package/uncrustify.xunit.xml'
<end of output>
Test time =   0.29 sec
----------------------------------------------------------
Test Passed.
"uncrustify" end time: Jul 03 17:53 AEST
"uncrustify" time elapsed: 00:00:00
----------------------------------------------------------

6/6 Testing: xmllint
6/6 Test: xmllint
Command: "/usr/bin/python3" "-u" "/opt/ros/galactic/share/ament_cmake_test/cmake/run_test.py" "/home/yiming/training/train/ros_rv/build/my_package/test_results/my_package/xmllint.xunit.xml" "--package-name" "my_package" "--output-file" "/home/yiming/training/train/ros_rv/build/my_package/ament_xmllint/xmllint.txt" "--command" "/opt/ros/galactic/bin/ament_xmllint" "--xunit-file" "/home/yiming/training/train/ros_rv/build/my_package/test_results/my_package/xmllint.xunit.xml"
Directory: /home/yiming/training/train/ros_rv/src/my_package
"xmllint" start time: Jul 03 17:53 AEST
Output:
----------------------------------------------------------
-- run_test.py: invoking following command in '/home/yiming/training/train/ros_rv/src/my_package':
 - /opt/ros/galactic/bin/ament_xmllint --xunit-file /home/yiming/training/train/ros_rv/build/my_package/test_results/my_package/xmllint.xunit.xml
/opt/ros/galactic/bin/ament_xmllint:6: DeprecationWarning: pkg_resources is deprecated as an API. See https://setuptools.pypa.io/en/latest/pkg_resources.html
  from pkg_resources import load_entry_point
File 'package.xml' is valid

No problems found
-- run_test.py: return code 0
-- run_test.py: verify result file '/home/yiming/training/train/ros_rv/build/my_package/test_results/my_package/xmllint.xunit.xml'
<end of output>
Test time =   1.98 sec
----------------------------------------------------------
Test Passed.
"xmllint" end time: Jul 03 17:53 AEST
"xmllint" time elapsed: 00:00:01
----------------------------------------------------------

End testing: Jul 03 17:53 AEST

copyright =   0.41 sec*proc

cppcheck =   0.36 sec*proc

cpplint =   0.30 sec*proc

lint_cmake =   0.26 sec*proc

linter =   3.59 sec*proc

uncrustify =   0.29 sec*proc

xmllint =   1.98 sec*proc

